proj.android1/shamanization/build/outputs/logs/manifest-merger-debug-report.txt
-- Merging decision tree log ---
manifest
ADDED from AndroidManifest.xml:2:1
	package
		ADDED from AndroidManifest.xml:3:7
		INJECTED from AndroidManifest.xml:0:0
		INJECTED from AndroidManifest.xml:0:0
	android:versionName
		ADDED from AndroidManifest.xml:5:7
	android:versionCode
		ADDED from AndroidManifest.xml:4:7
		INJECTED from AndroidManifest.xml:0:0
		INJECTED from AndroidManifest.xml:0:0
	xmlns:android
		ADDED from AndroidManifest.xml:2:11
	android:installLocation
		ADDED from AndroidManifest.xml:6:7
uses-sdk
ADDED from AndroidManifest.xml:8:5
MERGED from proj.android1:libcocos2dx:unspecified:7:5
	android:targetSdkVersion
		INJECTED from AndroidManifest.xml:0:0
		INJECTED from AndroidManifest.xml:0:0
	android:minSdkVersion
		ADDED from AndroidManifest.xml:8:15
		INJECTED from AndroidManifest.xml:0:0
		INJECTED from AndroidManifest.xml:0:0
uses-feature#0x00020000
ADDED from AndroidManifest.xml:9:5
	android:glEsVersion
		ADDED from AndroidManifest.xml:9:19
application
ADDED from AndroidManifest.xml:11:5
	android:label
		ADDED from AndroidManifest.xml:11:18
	android:icon
		ADDED from AndroidManifest.xml:12:18
meta-data#android.app.lib_name
ADDED from AndroidManifest.xml:15:9
	android:value
		ADDED from AndroidManifest.xml:16:16
	android:name
		ADDED from AndroidManifest.xml:15:20
activity#org.cocos2dx.cpp.AppActivity
ADDED from AndroidManifest.xml:18:9
	android:screenOrientation
		ADDED from AndroidManifest.xml:20:19
	android:label
		ADDED from AndroidManifest.xml:19:19
	android:configChanges
		ADDED from AndroidManifest.xml:22:19
	android:theme
		ADDED from AndroidManifest.xml:21:19
	android:name
		ADDED from AndroidManifest.xml:18:19
intent-filter#android.intent.action.MAIN+android.intent.category.LAUNCHER
ADDED from AndroidManifest.xml:24:13
action#android.intent.action.MAIN
ADDED from AndroidManifest.xml:25:17
	android:name
		ADDED from AndroidManifest.xml:25:25
category#android.intent.category.LAUNCHER
ADDED from AndroidManifest.xml:26:17
	android:name
		ADDED from AndroidManifest.xml:26:27
supports-screens
ADDED from AndroidManifest.xml:31:5
	android:largeScreens
		ADDED from AndroidManifest.xml:34:23
	android:smallScreens
		ADDED from AndroidManifest.xml:32:23
	android:normalScreens
		ADDED from AndroidManifest.xml:33:23
	android:xlargeScreens
		ADDED from AndroidManifest.xml:35:23
	android:anyDensity
		ADDED from AndroidManifest.xml:31:23
uses-permission#android.permission.INTERNET
ADDED from AndroidManifest.xml:37:5
	android:name
		ADDED from AndroidManifest.xml:37:22